-------------------------------------------------------------------------------
Test set: org.kiosk.controller.UsbUtilsTest
-------------------------------------------------------------------------------
<<<<<<< HEAD
<<<<<<< HEAD
Tests run: 2, Failures: 0, Errors: 0, Skipped: 0, Time elapsed: 0.01 sec
=======
Tests run: 2, Failures: 0, Errors: 0, Skipped: 0, Time elapsed: 0 sec
>>>>>>> 36de594b8fd0000f173732bfbf900cd7ef95ca41
=======
Tests run: 2, Failures: 0, Errors: 0, Skipped: 0, Time elapsed: 0.108 sec
>>>>>>> 0cc110bd39dd445a0e95ffea9f26d8adc99b3ab4
