-------------------------------------------------------------------------------
Test set: org.kiosk.controller.Com_bureauTest
-------------------------------------------------------------------------------
<<<<<<< HEAD
<<<<<<< HEAD
Tests run: 1, Failures: 0, Errors: 0, Skipped: 0, Time elapsed: 0.094 sec
=======
Tests run: 1, Failures: 0, Errors: 0, Skipped: 0, Time elapsed: 0.047 sec
>>>>>>> 36de594b8fd0000f173732bfbf900cd7ef95ca41
=======
Tests run: 1, Failures: 0, Errors: 0, Skipped: 0, Time elapsed: 0.073 sec
>>>>>>> 0cc110bd39dd445a0e95ffea9f26d8adc99b3ab4
