-------------------------------------------------------------------------------
Test set: org.kiosk.controller.Com_bgImgTest
-------------------------------------------------------------------------------
<<<<<<< HEAD
<<<<<<< HEAD
Tests run: 1, Failures: 0, Errors: 0, Skipped: 0, Time elapsed: 2.068 sec
=======
Tests run: 1, Failures: 0, Errors: 0, Skipped: 0, Time elapsed: 2.594 sec
>>>>>>> 36de594b8fd0000f173732bfbf900cd7ef95ca41
=======
Tests run: 1, Failures: 0, Errors: 0, Skipped: 0, Time elapsed: 2.783 sec
>>>>>>> 0cc110bd39dd445a0e95ffea9f26d8adc99b3ab4
